 Time                     |  Thread name      |  File:Line             |  Message
-------------------------------------------------------------------------------------------------------
[08-05-2021 20:09:08 UTC] | [Thread #1      ] | [Window.cpp:158      ] | [INFO]    - Creating new window
[08-05-2021 20:09:08 UTC] | [Thread #1      ] | [Window.cpp:159      ] | [INFO]    - Window resolution: 1280x720
[08-05-2021 20:09:08 UTC] | [Thread #1      ] | [Window.cpp:160      ] | [INFO]    - Window title: "My Game"
[08-05-2021 20:09:08 UTC] | [Thread #1      ] | [Image.cpp:65        ] | [INFO]    - Loaded image: examples/models/character/character_d.png
[08-05-2021 20:09:08 UTC] | [Thread #1      ] | [Shader.cpp:203      ] | [INFO]    - Loaded shader: shaders/animated.vert
[08-05-2021 20:09:08 UTC] | [Thread #1      ] | [Shader.cpp:203      ] | [INFO]    - Loaded shader: shaders/default.frag
[08-05-2021 20:09:08 UTC] | [Thread #1      ] | [Model.cpp:509       ] | [INFO]    - Loaded model: examples/models/character/character_flat.dae
[08-05-2021 20:09:10 UTC] | [Thread #1      ] | [Shader.cpp:203      ] | [INFO]    - Loaded shader: shaders/terrain.vert
[08-05-2021 20:09:10 UTC] | [Thread #1      ] | [Shader.cpp:203      ] | [INFO]    - Loaded shader: shaders/terrain.frag
[08-05-2021 20:09:10 UTC] | [Thread #1      ] | [Shader.cpp:203      ] | [INFO]    - Loaded shader: shaders/cubemap.vert
[08-05-2021 20:09:10 UTC] | [Thread #1      ] | [Shader.cpp:203      ] | [INFO]    - Loaded shader: shaders/procedural_skybox.frag
[08-05-2021 20:09:10 UTC] | [Thread #1      ] | [Shader.cpp:203      ] | [INFO]    - Loaded shader: shaders/grass.vert
[08-05-2021 20:09:10 UTC] | [Thread #1      ] | [Shader.cpp:203      ] | [INFO]    - Loaded shader: shaders/grass.geom
[08-05-2021 20:09:10 UTC] | [Thread #1      ] | [Shader.cpp:203      ] | [INFO]    - Loaded shader: shaders/grass.frag
[08-05-2021 20:09:10 UTC] | [Thread #1      ] | [Shader.cpp:203      ] | [INFO]    - Loaded shader: shaders/postprocess/quad.vert
[08-05-2021 20:09:10 UTC] | [Thread #1      ] | [Shader.cpp:203      ] | [INFO]    - Loaded shader: shaders/postprocess/fog.frag
[08-05-2021 20:09:10 UTC] | [Thread #1      ] | [Shader.cpp:203      ] | [INFO]    - Loaded shader: shaders/postprocess/threshold.frag
[08-05-2021 20:09:10 UTC] | [Thread #1      ] | [Shader.cpp:203      ] | [INFO]    - Loaded shader: shaders/postprocess/add.frag
[08-05-2021 20:09:10 UTC] | [Thread #1      ] | [Shader.cpp:203      ] | [INFO]    - Loaded shader: shaders/postprocess/blur.frag
[08-05-2021 20:09:10 UTC] | [Thread #1      ] | [Shader.cpp:203      ] | [INFO]    - Loaded shader: shaders/postprocess/color_adjust.frag
[08-05-2021 20:09:10 UTC] | [Thread #1      ] | [Shader.cpp:203      ] | [INFO]    - Loaded shader: shaders/postprocess/fxaa.frag
